#
# There is insufficient memory for the Java Runtime Environment to continue.
# Native memory allocation (malloc) failed to allocate 61776 bytes for Chunk::new
# Possible reasons:
#   The system is out of physical RAM or swap space
#   In 32 bit mode, the process size limit was hit
# Possible solutions:
#   Reduce memory load on the system
#   Increase physical memory or swap space
#   Check if swap backing store is full
#   Use 64 bit Java on a 64 bit OS
#   Decrease Java heap size (-Xmx/-Xms)
#   Decrease number of Java threads
#   Decrease Java thread stack sizes (-Xss)
#   Set larger code cache with -XX:ReservedCodeCacheSize=
# This output file may be truncated or incomplete.
#
#  Out of Memory Error (allocation.cpp:390), pid=5656, tid=0x00000000000023ec
#
# JRE version: OpenJDK Runtime Environment (8.0_152-b01) (build 1.8.0_152-release-915-b01)
# Java VM: OpenJDK 64-Bit Server VM (25.152-b01 mixed mode windows-amd64 compressed oops)
# Failed to write core dump. Minidumps are not enabled by default on client versions of Windows
#

---------------  T H R E A D  ---------------

Current thread (0x0000000018024000):  JavaThread "C2 CompilerThread0" daemon [_thread_in_native, id=9196, stack(0x0000000019680000,0x0000000019780000)]

Stack: [0x0000000019680000,0x0000000019780000]
[error occurred during error reporting (printing stack bounds), id 0xc0000005]

Native frames: (J=compiled Java code, j=interpreted, Vv=VM code, C=native code)


Current CompileTask:
C2: 102156 16692 %     4       sun.nio.cs.UTF_8$Encoder::encodeArrayLoop @ 73 (489 bytes)


---------------  P R O C E S S  ---------------

Java Threads: ( => current thread )
  0x0000000020e21000 JavaThread "ForkJoinPool.commonPool-worker-0" daemon [_thread_blocked, id=6048, stack(0x000000002a1e0000,0x000000002a2e0000)]
  0x0000000020e27000 JavaThread "ForkJoinPool.commonPool-worker-3" daemon [_thread_blocked, id=4816, stack(0x000000002a0e0000,0x000000002a1e0000)]
  0x000000001b20a000 JavaThread "ForkJoinPool.commonPool-worker-2" daemon [_thread_blocked, id=2616, stack(0x0000000029fe0000,0x000000002a0e0000)]
  0x000000001b211000 JavaThread "ForkJoinPool.commonPool-worker-1" daemon [_thread_blocked, id=6456, stack(0x0000000029de0000,0x0000000029ee0000)]
  0x000000001b20f800 JavaThread "Task worker for ':' Thread 3" [_thread_blocked, id=6164, stack(0x0000000028fe0000,0x00000000290e0000)]
  0x000000001b208000 JavaThread "Task worker for ':' Thread 2" [_thread_in_native, id=8728, stack(0x0000000028ee0000,0x0000000028fe0000)]
  0x000000001b207000 JavaThread "Task worker for ':'" [_thread_blocked, id=3820, stack(0x0000000028de0000,0x0000000028ee0000)]
  0x000000001b20d000 JavaThread "Cache worker for task history cache (D:\android-lab-master\android-lab-master\HelloWorld\.gradle\4.1\taskHistory)" [_thread_blocked, id=3000, stack(0x0000000028ce0000,0x0000000028de0000)]
  0x000000001b205800 JavaThread "Cache worker for file content cache (D:\android-lab-master\android-lab-master\HelloWorld\.gradle\4.1\fileContent)" [_thread_blocked, id=2748, stack(0x0000000028be0000,0x0000000028ce0000)]
  0x000000001b20b800 JavaThread "build operations Thread 4" [_thread_blocked, id=4844, stack(0x0000000028ae0000,0x0000000028be0000)]
  0x000000001b209800 JavaThread "build operations Thread 3" [_thread_blocked, id=8832, stack(0x00000000289e0000,0x0000000028ae0000)]
  0x000000001b208800 JavaThread "build operations Thread 2" [_thread_blocked, id=6668, stack(0x00000000288e0000,0x00000000289e0000)]
  0x000000001b203800 JavaThread "build operations" [_thread_blocked, id=7652, stack(0x00000000287e0000,0x00000000288e0000)]
  0x000000001b204000 JavaThread "Cache worker for Artifact transforms cache (D:\systems\.gradle\caches\transforms-1)" [_thread_blocked, id=9128, stack(0x00000000286e0000,0x00000000287e0000)]
  0x000000001dfe9800 JavaThread "Cache worker for file hash cache (D:\android-lab-master\android-lab-master\HelloWorld\.gradle\4.1\fileHashes)" [_thread_blocked, id=6540, stack(0x00000000285e0000,0x00000000286e0000)]
  0x000000001dfe9000 JavaThread "Stdin handler" [_thread_blocked, id=4528, stack(0x00000000284e0000,0x00000000285e0000)]
  0x000000001dfe8000 JavaThread "Asynchronous log dispatcher for DefaultDaemonConnection: socket connection from /127.0.0.1:3796 to /127.0.0.1:3909" [_thread_blocked, id=5240, stack(0x00000000283e0000,0x00000000284e0000)]
  0x000000001dfe6800 JavaThread "Cancel handler" [_thread_blocked, id=7868, stack(0x00000000282e0000,0x00000000283e0000)]
  0x000000001dfed800 JavaThread "Handler for socket connection from /127.0.0.1:3796 to /127.0.0.1:3909" [_thread_in_native, id=7140, stack(0x00000000281e0000,0x00000000282e0000)]
  0x000000001dfec000 JavaThread "Memory manager" [_thread_blocked, id=4804, stack(0x00000000225f0000,0x00000000226f0000)]
  0x000000001b8f5800 JavaThread "File lock request listener" [_thread_in_native, id=2872, stack(0x000000001d8d0000,0x000000001d9d0000)]
  0x000000001adf9000 JavaThread "Cache worker for file hash cache (D:\systems\.gradle\caches\4.1\fileHashes)" [_thread_blocked, id=6688, stack(0x000000001d7d0000,0x000000001d8d0000)]
  0x000000001adbd800 JavaThread "Daemon worker" [_thread_blocked, id=1892, stack(0x000000001d4d0000,0x000000001d5d0000)]
  0x000000001b467000 JavaThread "Daemon" [_thread_blocked, id=8664, stack(0x000000001cfd0000,0x000000001d0d0000)]
  0x000000001b0cb000 JavaThread "Daemon periodic checks" [_thread_blocked, id=7808, stack(0x000000001ced0000,0x000000001cfd0000)]
  0x000000001b0f5000 JavaThread "Incoming local TCP Connector on port 3796" [_thread_in_native, id=3044, stack(0x000000001b750000,0x000000001b850000)]
  0x00000000199f3000 JavaThread "Service Thread" daemon [_thread_blocked, id=3048, stack(0x0000000019d80000,0x0000000019e80000)]
  0x0000000018075000 JavaThread "C1 CompilerThread2" daemon [_thread_blocked, id=9036, stack(0x0000000019880000,0x0000000019980000)]
  0x0000000018026000 JavaThread "C2 CompilerThread1" daemon [_thread_blocked, id=7132, stack(0x0000000019780000,0x0000000019880000)]
=>0x0000000018024000 JavaThread "C2 CompilerThread0" daemon [_thread_in_native, id=9196, stack(0x0000000019680000,0x0000000019780000)]
  0x0000000018023000 JavaThread "Attach Listener" daemon [_thread_blocked, id=1196, stack(0x0000000019580000,0x0000000019680000)]
  0x0000000018074800 JavaThread "Signal Dispatcher" daemon [_thread_blocked, id=7044, stack(0x0000000019480000,0x0000000019580000)]
  0x000000001800e000 JavaThread "Finalizer" daemon [_thread_blocked, id=4424, stack(0x0000000019290000,0x0000000019390000)]
  0x00000000045f2800 JavaThread "Reference Handler" daemon [_thread_blocked, id=8420, stack(0x0000000019190000,0x0000000019290000)]
  0x000000000464e800 JavaThread "main" [_thread_blocked, id=5900, stack(0x0000000002c30000,0x0000000002d30000)]

Other Threads:
  0x0000000017fe6800 VMThread [stack: 0x0000000019090000,0x0000000019190000] [id=6772]
  0x00000000199f4000 WatcherThread [stack: 0x0000000019e80000,0x0000000019f80000] [id=8172]

VM state:not at safepoint (normal execution)

VM Mutex/Monitor currently owned by a thread: None

Heap:
 PSYoungGen      total 489472K, used 306974K [0x00000000e0000000, 0x00000000ffe80000, 0x0000000100000000)
  eden space 457216K, 64% used [0x00000000e0000000,0x00000000f2007410,0x00000000fbe80000)
  from space 32256K, 37% used [0x00000000fdf00000,0x00000000feac0770,0x00000000ffe80000)
  to   space 32768K, 0% used [0x00000000fbe80000,0x00000000fbe80000,0x00000000fde80000)
 ParOldGen       total 152064K, used 75245K [0x00000000a0000000, 0x00000000a9480000, 0x00000000e0000000)
  object space 152064K, 49% used [0x00000000a0000000,0x00000000a497b6b8,0x00000000a9480000)
 Metaspace       used 73567K, capacity 76842K, committed 77144K, reserved 1116160K
  class space    used 9318K, capacity 10036K, committed 10112K, reserved 1048576K

Card table byte_map: [0x0000000013a70000,0x0000000013d80000] byte_map_base: 0x0000000013570000

Marking Bits: (ParMarkBitMap*) 0x000000005ef13950
 Begin Bits: [0x0000000014380000, 0x0000000015b80000)
 End Bits:   [0x0000000015b80000, 0x0000000017380000)

Polling page: 0x0000000002730000

CodeCache: size=245760Kb used=45346Kb max_used=45360Kb free=200413Kb
 bounds [0x00000000046b0000, 0x0000000007340000, 0x00000000136b0000]
 total_blobs=14201 nmethods=13378 adapters=735
 compilation: enabled

Compilation events (10 events):
Event: 101.489 Thread 0x0000000018026000 nmethod 16688 0x0000000007336490 code [0x0000000007336820, 0x0000000007339f98]
Event: 101.599 Thread 0x0000000018075000 16690   !   3       com.google.common.io.Closer::close (91 bytes)
Event: 101.600 Thread 0x0000000018075000 nmethod 16690 0x00000000060b9910 code [0x00000000060b9b60, 0x00000000060ba9b8]
Event: 102.000 Thread 0x0000000018075000 16691       1       com.android.build.gradle.internal.transforms.InstantRunSlicer$Slice$SlicedElement::access$1000 (5 bytes)
Event: 102.000 Thread 0x0000000018075000 nmethod 16691 0x00000000060bc550 code [0x00000000060bc6a0, 0x00000000060bc790]
Event: 102.131 Thread 0x0000000018024000 16692 %     4       sun.nio.cs.UTF_8$Encoder::encodeArrayLoop @ 73 (489 bytes)
Event: 102.136 Thread 0x0000000018075000 16693       3       sun.nio.fs.NativeBuffers::allocNativeBuffer (20 bytes)
Event: 102.136 Thread 0x0000000018075000 nmethod 16693 0x00000000060bc110 code [0x00000000060bc280, 0x00000000060bc488]
Event: 102.136 Thread 0x0000000018075000 16694       3       sun.nio.fs.NativeBuffer::<init> (41 bytes)
Event: 102.137 Thread 0x0000000018075000 nmethod 16694 0x00000000060b8a90 code [0x00000000060b8c60, 0x00000000060b94f8]

GC Heap History (10 events):
Event: 28.114 GC heap before
{Heap before GC invocations=21 (full 3):
 PSYoungGen      total 363520K, used 343952K [0x00000000e0000000, 0x00000000fda80000, 0x0000000100000000)
  eden space 324608K, 100% used [0x00000000e0000000,0x00000000f3d00000,0x00000000f3d00000)
  from space 38912K, 49% used [0x00000000f3d00000,0x00000000f4fe4130,0x00000000f6300000)
  to   space 37376K, 0% used [0x00000000fb600000,0x00000000fb600000,0x00000000fda80000)
 ParOldGen       total 152064K, used 50636K [0x00000000a0000000, 0x00000000a9480000, 0x00000000e0000000)
  object space 152064K, 33% used [0x00000000a0000000,0x00000000a3173138,0x00000000a9480000)
 Metaspace       used 64900K, capacity 66902K, committed 67032K, reserved 1107968K
  class space    used 8388K, capacity 8872K, committed 8960K, reserved 1048576K
Event: 28.142 GC heap after
Heap after GC invocations=21 (full 3):
 PSYoungGen      total 443392K, used 17536K [0x00000000e0000000, 0x00000000fd680000, 0x0000000100000000)
  eden space 410112K, 0% used [0x00000000e0000000,0x00000000e0000000,0x00000000f9080000)
  from space 33280K, 52% used [0x00000000fb600000,0x00000000fc7200e0,0x00000000fd680000)
  to   space 35840K, 0% used [0x00000000f9080000,0x00000000f9080000,0x00000000fb380000)
 ParOldGen       total 152064K, used 56696K [0x00000000a0000000, 0x00000000a9480000, 0x00000000e0000000)
  object space 152064K, 37% used [0x00000000a0000000,0x00000000a375e1e8,0x00000000a9480000)
 Metaspace       used 64900K, capacity 66902K, committed 67032K, reserved 1107968K
  class space    used 8388K, capacity 8872K, committed 8960K, reserved 1048576K
}
Event: 32.019 GC heap before
{Heap before GC invocations=22 (full 3):
 PSYoungGen      total 443392K, used 427648K [0x00000000e0000000, 0x00000000fd680000, 0x0000000100000000)
  eden space 410112K, 100% used [0x00000000e0000000,0x00000000f9080000,0x00000000f9080000)
  from space 33280K, 52% used [0x00000000fb600000,0x00000000fc7200e0,0x00000000fd680000)
  to   space 35840K, 0% used [0x00000000f9080000,0x00000000f9080000,0x00000000fb380000)
 ParOldGen       total 152064K, used 56696K [0x00000000a0000000, 0x00000000a9480000, 0x00000000e0000000)
  object space 152064K, 37% used [0x00000000a0000000,0x00000000a375e1e8,0x00000000a9480000)
 Metaspace       used 65243K, capacity 67250K, committed 67544K, reserved 1107968K
  class space    used 8423K, capacity 8916K, committed 8960K, reserved 1048576K
Event: 32.041 GC heap after
Heap after GC invocations=22 (full 3):
 PSYoungGen      total 445952K, used 16505K [0x00000000e0000000, 0x00000000fff80000, 0x0000000100000000)
  eden space 410112K, 0% used [0x00000000e0000000,0x00000000e0000000,0x00000000f9080000)
  from space 35840K, 46% used [0x00000000f9080000,0x00000000fa09e470,0x00000000fb380000)
  to   space 34304K, 0% used [0x00000000fde00000,0x00000000fde00000,0x00000000fff80000)
 ParOldGen       total 152064K, used 60808K [0x00000000a0000000, 0x00000000a9480000, 0x00000000e0000000)
  object space 152064K, 39% used [0x00000000a0000000,0x00000000a3b621e8,0x00000000a9480000)
 Metaspace       used 65243K, capacity 67250K, committed 67544K, reserved 1107968K
  class space    used 8423K, capacity 8916K, committed 8960K, reserved 1048576K
}
Event: 34.989 GC heap before
{Heap before GC invocations=23 (full 3):
 PSYoungGen      total 445952K, used 424986K [0x00000000e0000000, 0x00000000fff80000, 0x0000000100000000)
  eden space 410112K, 99% used [0x00000000e0000000,0x00000000f8ee8670,0x00000000f9080000)
  from space 35840K, 46% used [0x00000000f9080000,0x00000000fa09e470,0x00000000fb380000)
  to   space 34304K, 0% used [0x00000000fde00000,0x00000000fde00000,0x00000000fff80000)
 ParOldGen       total 152064K, used 60808K [0x00000000a0000000, 0x00000000a9480000, 0x00000000e0000000)
  object space 152064K, 39% used [0x00000000a0000000,0x00000000a3b621e8,0x00000000a9480000)
 Metaspace       used 66975K, capacity 69244K, committed 69336K, reserved 1110016K
  class space    used 8644K, capacity 9173K, committed 9216K, reserved 1048576K
Event: 35.016 GC heap after
Heap after GC invocations=23 (full 3):
 PSYoungGen      total 485376K, used 11951K [0x00000000e0000000, 0x00000000ffc80000, 0x0000000100000000)
  eden space 454144K, 0% used [0x00000000e0000000,0x00000000e0000000,0x00000000fbb80000)
  from space 31232K, 38% used [0x00000000fde00000,0x00000000fe9abcb8,0x00000000ffc80000)
  to   space 33280K, 0% used [0x00000000fbb80000,0x00000000fbb80000,0x00000000fdc00000)
 ParOldGen       total 152064K, used 67576K [0x00000000a0000000, 0x00000000a9480000, 0x00000000e0000000)
  object space 152064K, 44% used [0x00000000a0000000,0x00000000a41fe218,0x00000000a9480000)
 Metaspace       used 66975K, capacity 69244K, committed 69336K, reserved 1110016K
  class space    used 8644K, capacity 9173K, committed 9216K, reserved 1048576K
}
Event: 35.265 GC heap before
{Heap before GC invocations=24 (full 3):
 PSYoungGen      total 485376K, used 465380K [0x00000000e0000000, 0x00000000ffc80000, 0x0000000100000000)
  eden space 454144K, 99% used [0x00000000e0000000,0x00000000fbacd388,0x00000000fbb80000)
  from space 31232K, 38% used [0x00000000fde00000,0x00000000fe9abcb8,0x00000000ffc80000)
  to   space 33280K, 0% used [0x00000000fbb80000,0x00000000fbb80000,0x00000000fdc00000)
 ParOldGen       total 152064K, used 67576K [0x00000000a0000000, 0x00000000a9480000, 0x00000000e0000000)
  object space 152064K, 44% used [0x00000000a0000000,0x00000000a41fe218,0x00000000a9480000)
 Metaspace       used 67294K, capacity 69628K, committed 69976K, reserved 1110016K
  class space    used 8696K, capacity 9225K, committed 9344K, reserved 1048576K
Event: 35.277 GC heap after
Heap after GC invocations=24 (full 3):
 PSYoungGen      total 487424K, used 6010K [0x00000000e0000000, 0x0000000100000000, 0x0000000100000000)
  eden space 454144K, 0% used [0x00000000e0000000,0x00000000e0000000,0x00000000fbb80000)
  from space 33280K, 18% used [0x00000000fbb80000,0x00000000fc15ead8,0x00000000fdc00000)
  to   space 33792K, 0% used [0x00000000fdf00000,0x00000000fdf00000,0x0000000100000000)
 ParOldGen       total 152064K, used 74048K [0x00000000a0000000, 0x00000000a9480000, 0x00000000e0000000)
  object space 152064K, 48% used [0x00000000a0000000,0x00000000a48500e0,0x00000000a9480000)
 Metaspace       used 67294K, capacity 69628K, committed 69976K, reserved 1110016K
  class space    used 8696K, capacity 9225K, committed 9344K, reserved 1048576K
}
Event: 98.354 GC heap before
{Heap before GC invocations=25 (full 3):
 PSYoungGen      total 487424K, used 459515K [0x00000000e0000000, 0x0000000100000000, 0x0000000100000000)
  eden space 454144K, 99% used [0x00000000e0000000,0x00000000fbae04a0,0x00000000fbb80000)
  from space 33280K, 18% used [0x00000000fbb80000,0x00000000fc15ead8,0x00000000fdc00000)
  to   space 33792K, 0% used [0x00000000fdf00000,0x00000000fdf00000,0x0000000100000000)
 ParOldGen       total 152064K, used 74048K [0x00000000a0000000, 0x00000000a9480000, 0x00000000e0000000)
  object space 152064K, 48% used [0x00000000a0000000,0x00000000a48500e0,0x00000000a9480000)
 Metaspace       used 72786K, capacity 75956K, committed 75992K, reserved 1116160K
  class space    used 9245K, capacity 9963K, committed 9984K, reserved 1048576K
Event: 98.366 GC heap after
Heap after GC invocations=25 (full 3):
 PSYoungGen      total 489472K, used 12033K [0x00000000e0000000, 0x00000000ffe80000, 0x0000000100000000)
  eden space 457216K, 0% used [0x00000000e0000000,0x00000000e0000000,0x00000000fbe80000)
  from space 32256K, 37% used [0x00000000fdf00000,0x00000000feac0770,0x00000000ffe80000)
  to   space 32768K, 0% used [0x00000000fbe80000,0x00000000fbe80000,0x00000000fde80000)
 ParOldGen       total 152064K, used 75245K [0x00000000a0000000, 0x00000000a9480000, 0x00000000e0000000)
  object space 152064K, 49% used [0x00000000a0000000,0x00000000a497b6b8,0x00000000a9480000)
 Metaspace       used 72786K, capacity 75956K, committed 75992K, reserved 1116160K
  class space    used 9245K, capacity 9963K, committed 9984K, reserved 1048576K
}

Deoptimization events (10 events):
Event: 100.976 Thread 0x000000001b208000 Uncommon trap: reason=bimorphic action=maybe_recompile pc=0x00000000061eed9c method=java.util.zip.InflaterInputStream.fill()V @ 19
Event: 100.976 Thread 0x000000001b208000 Uncommon trap: reason=bimorphic action=maybe_recompile pc=0x00000000061eed9c method=java.util.zip.InflaterInputStream.fill()V @ 19
Event: 100.977 Thread 0x000000001b208000 Uncommon trap: reason=bimorphic action=maybe_recompile pc=0x00000000061eed9c method=java.util.zip.InflaterInputStream.fill()V @ 19
Event: 100.977 Thread 0x000000001b208000 Uncommon trap: reason=bimorphic action=maybe_recompile pc=0x00000000061eed9c method=java.util.zip.InflaterInputStream.fill()V @ 19
Event: 100.998 Thread 0x000000001b208000 Uncommon trap: reason=unstable_if action=reinterpret pc=0x000000000529f898 method=com.sun.org.apache.xerces.internal.parsers.AbstractDOMParser.startElement(Lcom/sun/org/apache/xerces/internal/xni/QName;Lcom/sun/org/apache/xerces/internal/xni/XMLAttributes
Event: 100.998 Thread 0x000000001b208000 Uncommon trap: reason=unstable_if action=reinterpret pc=0x00000000051062f0 method=com.sun.org.apache.xerces.internal.dom.DeferredDocumentImpl.getNodeObject(I)Lcom/sun/org/apache/xerces/internal/dom/DeferredNode; @ 252
Event: 101.001 Thread 0x000000001b208000 Uncommon trap: reason=class_check action=maybe_recompile pc=0x00000000050b73c8 method=com.sun.org.apache.xerces.internal.dom.NamedNodeMapImpl.getNamedItem(Ljava/lang/String;)Lorg/w3c/dom/Node; @ 25
Event: 101.001 Thread 0x000000001b208000 Uncommon trap: reason=unstable_if action=reinterpret pc=0x000000000518d4ac method=com.sun.org.apache.xerces.internal.dom.DeferredDocumentImpl.getPrevSibling(IZ)I @ 2
Event: 101.002 Thread 0x000000001b208000 Uncommon trap: reason=unstable_if action=reinterpret pc=0x0000000006216cf8 method=com.sun.org.apache.xerces.internal.dom.DeferredDocumentImpl.getNodeValueString(IZ)Ljava/lang/String; @ 73
Event: 101.024 Thread 0x000000001b208000 Uncommon trap: reason=class_check action=maybe_recompile pc=0x0000000006d96078 method=org.gradle.api.internal.file.pattern.PatternMatcherFactory$PathMatcherBackedSpec.isSatisfiedBy(Lorg/gradle/api/file/RelativePath;)Z @ 23

Classes redefined (0 events):
No events

Internal exceptions (10 events):
Event: 47.018 Thread 0x000000001adbd800 Exception <a 'sun/nio/fs/WindowsException'> (0x00000000ed295938) thrown at [D:\src\AOSP-openjdk-cygwin\jdk8u\hotspot\src\share\vm\prims\jni.cpp, line 709]
Event: 47.018 Thread 0x000000001adbd800 Exception <a 'sun/nio/fs/WindowsException'> (0x00000000ed296518) thrown at [D:\src\AOSP-openjdk-cygwin\jdk8u\hotspot\src\share\vm\prims\jni.cpp, line 709]
Event: 47.018 Thread 0x000000001adbd800 Exception <a 'sun/nio/fs/WindowsException'> (0x00000000ed2997a8) thrown at [D:\src\AOSP-openjdk-cygwin\jdk8u\hotspot\src\share\vm\prims\jni.cpp, line 709]
Event: 47.018 Thread 0x000000001adbd800 Exception <a 'sun/nio/fs/WindowsException'> (0x00000000ed29a3b0) thrown at [D:\src\AOSP-openjdk-cygwin\jdk8u\hotspot\src\share\vm\prims\jni.cpp, line 709]
Event: 47.018 Thread 0x000000001adbd800 Exception <a 'sun/nio/fs/WindowsException'> (0x00000000ed29bff0) thrown at [D:\src\AOSP-openjdk-cygwin\jdk8u\hotspot\src\share\vm\prims\jni.cpp, line 709]
Event: 47.018 Thread 0x000000001adbd800 Exception <a 'sun/nio/fs/WindowsException'> (0x00000000ed29cc38) thrown at [D:\src\AOSP-openjdk-cygwin\jdk8u\hotspot\src\share\vm\prims\jni.cpp, line 709]
Event: 47.766 Thread 0x000000001adbd800 Exception <a 'sun/nio/fs/WindowsException'> (0x00000000f10279e8) thrown at [D:\src\AOSP-openjdk-cygwin\jdk8u\hotspot\src\share\vm\prims\jni.cpp, line 709]
Event: 93.697 Thread 0x000000001adbd800 Exception <a 'java/lang/ClassNotFoundException': sync_local_repo226_bnjr1wmfzvvny3kyzmacm5su8BeanInfo> (0x00000000f17b9e80) thrown at [D:\src\AOSP-openjdk-cygwin\jdk8u\hotspot\src\share\vm\classfile\systemDictionary.cpp, line 210]
Event: 93.697 Thread 0x000000001adbd800 Exception <a 'java/lang/ClassNotFoundException': sync_local_repo226_bnjr1wmfzvvny3kyzmacm5su8Customizer> (0x00000000f17c4450) thrown at [D:\src\AOSP-openjdk-cygwin\jdk8u\hotspot\src\share\vm\classfile\systemDictionary.cpp, line 210]
Event: 98.425 Thread 0x000000001b208000 Exception <a 'java/io/FileNotFoundException'> (0x00000000e03853c8) thrown at [D:\src\AOSP-openjdk-cygwin\jdk8u\hotspot\src\share\vm\prims\jni.cpp, line 709]

Events (10 events):
Event: 101.002 Thread 0x000000001b208000 DEOPT UNPACKING pc=0x00000000046f556a sp=0x0000000028fdd0d0 mode 2
Event: 101.024 Thread 0x000000001b208000 Uncommon trap: trap_request=0xffffffde fr.pc=0x0000000006d96078
Event: 101.024 Thread 0x000000001b208000 DEOPT PACKING pc=0x0000000006d96078 sp=0x0000000028fdd8c0
Event: 101.024 Thread 0x000000001b208000 DEOPT UNPACKING pc=0x00000000046f556a sp=0x0000000028fdd7c0 mode 2
Event: 101.027 loading class com/android/build/gradle/internal/transforms/InstantRunSlicer$Slices
Event: 101.027 loading class com/android/build/gradle/internal/transforms/InstantRunSlicer$Slices done
Event: 101.028 loading class com/android/build/gradle/internal/transforms/InstantRunSlicer$Slice
Event: 101.028 loading class com/android/build/gradle/internal/transforms/InstantRunSlicer$Slice done
Event: 101.030 loading class com/android/build/gradle/internal/transforms/InstantRunSlicer$Slice$SlicedElement
Event: 101.030 loading class com/android/build/gradle/internal/transforms/InstantRunSlicer$Slice$SlicedElement done


Dynamic libraries:
0x00007ff7d3330000 - 0x00007ff7d3361000 	C:\Program Files\Android\Android Studio\jre\bin\java.exe
0x00007ffd4fd00000 - 0x00007ffd4fee0000 	C:\WINDOWS\SYSTEM32\ntdll.dll
0x00007ffd4d780000 - 0x00007ffd4d82e000 	C:\WINDOWS\System32\KERNEL32.DLL
0x00007ffd4c230000 - 0x00007ffd4c496000 	C:\WINDOWS\System32\KERNELBASE.dll
0x00007ffd4f270000 - 0x00007ffd4f311000 	C:\WINDOWS\System32\ADVAPI32.dll
0x00007ffd4f480000 - 0x00007ffd4f51d000 	C:\WINDOWS\System32\msvcrt.dll
0x00007ffd4d430000 - 0x00007ffd4d48b000 	C:\WINDOWS\System32\sechost.dll
0x00007ffd4d8c0000 - 0x00007ffd4d9df000 	C:\WINDOWS\System32\RPCRT4.dll
0x00007ffd4d2a0000 - 0x00007ffd4d42f000 	C:\WINDOWS\System32\USER32.dll
0x00007ffd4d1b0000 - 0x00007ffd4d1d0000 	C:\WINDOWS\System32\win32u.dll
0x00007ffd4d890000 - 0x00007ffd4d8b8000 	C:\WINDOWS\System32\GDI32.dll
0x00007ffd4d010000 - 0x00007ffd4d1a3000 	C:\WINDOWS\System32\gdi32full.dll
0x00007ffd4cbf0000 - 0x00007ffd4cc8b000 	C:\WINDOWS\System32\msvcp_win.dll
0x00007ffd4cce0000 - 0x00007ffd4cdd6000 	C:\WINDOWS\System32\ucrtbase.dll
0x00007ffd30eb0000 - 0x00007ffd31119000 	C:\WINDOWS\WinSxS\amd64_microsoft.windows.common-controls_6595b64144ccf1df_6.0.16299.125_none_15cbcf8893620c09\COMCTL32.dll
0x00007ffd4f9c0000 - 0x00007ffd4fcc8000 	C:\WINDOWS\System32\combase.dll
0x00007ffd4c1b0000 - 0x00007ffd4c222000 	C:\WINDOWS\System32\bcryptPrimitives.dll
0x00007ffd4d750000 - 0x00007ffd4d77d000 	C:\WINDOWS\System32\IMM32.DLL
0x000000005f1e0000 - 0x000000005f2b2000 	C:\Program Files\Android\Android Studio\jre\jre\bin\msvcr100.dll
0x000000005e750000 - 0x000000005ef8e000 	C:\Program Files\Android\Android Studio\jre\jre\bin\server\jvm.dll
0x00007ffd4d740000 - 0x00007ffd4d748000 	C:\WINDOWS\System32\PSAPI.DLL
0x00007ffd3f2b0000 - 0x00007ffd3f2b9000 	C:\WINDOWS\SYSTEM32\WSOCK32.dll
0x00007ffd494a0000 - 0x00007ffd494c3000 	C:\WINDOWS\SYSTEM32\WINMM.dll
0x00007ffd3e210000 - 0x00007ffd3e21a000 	C:\WINDOWS\SYSTEM32\VERSION.dll
0x00007ffd4d1d0000 - 0x00007ffd4d23c000 	C:\WINDOWS\System32\WS2_32.dll
0x00007ffd49470000 - 0x00007ffd4949a000 	C:\WINDOWS\SYSTEM32\winmmbase.dll
0x00007ffd4cc90000 - 0x00007ffd4ccda000 	C:\WINDOWS\System32\cfgmgr32.dll
0x00007ffd49120000 - 0x00007ffd4912f000 	C:\Program Files\Android\Android Studio\jre\jre\bin\verify.dll
0x00007ffd3e8e0000 - 0x00007ffd3e909000 	C:\Program Files\Android\Android Studio\jre\jre\bin\java.dll
0x00007ffd49100000 - 0x00007ffd49116000 	C:\Program Files\Android\Android Studio\jre\jre\bin\zip.dll
0x00007ffd4de30000 - 0x00007ffd4f266000 	C:\WINDOWS\System32\SHELL32.dll
0x00007ffd4d520000 - 0x00007ffd4d5c6000 	C:\WINDOWS\System32\shcore.dll
0x00007ffd4c4a0000 - 0x00007ffd4cbe7000 	C:\WINDOWS\System32\windows.storage.dll
0x00007ffd4d240000 - 0x00007ffd4d291000 	C:\WINDOWS\System32\shlwapi.dll
0x00007ffd4c090000 - 0x00007ffd4c0a1000 	C:\WINDOWS\System32\kernel.appcore.dll
0x00007ffd4c0b0000 - 0x00007ffd4c0fc000 	C:\WINDOWS\System32\powrprof.dll
0x00007ffd4c050000 - 0x00007ffd4c06b000 	C:\WINDOWS\System32\profapi.dll
0x00007ffd490d0000 - 0x00007ffd490ea000 	C:\Program Files\Android\Android Studio\jre\jre\bin\net.dll
0x00007ffd4b8e0000 - 0x00007ffd4b946000 	C:\WINDOWS\system32\mswsock.dll
0x00007ffd3e9d0000 - 0x00007ffd3e9e1000 	C:\Program Files\Android\Android Studio\jre\jre\bin\nio.dll
0x00007ffd44260000 - 0x00007ffd4427e000 	D:\systems\.gradle\native\25\windows-amd64\native-platform.dll
0x00007ffd49030000 - 0x00007ffd4903d000 	C:\Program Files\Android\Android Studio\jre\jre\bin\management.dll
0x00007ffd4baa0000 - 0x00007ffd4bab7000 	C:\WINDOWS\SYSTEM32\CRYPTSP.dll
0x00007ffd4b490000 - 0x00007ffd4b4c3000 	C:\WINDOWS\system32\rsaenh.dll
0x00007ffd4bbb0000 - 0x00007ffd4bbd5000 	C:\WINDOWS\SYSTEM32\bcrypt.dll
0x00007ffd4bf50000 - 0x00007ffd4bf79000 	C:\WINDOWS\SYSTEM32\USERENV.dll
0x00007ffd4bac0000 - 0x00007ffd4bacb000 	C:\WINDOWS\SYSTEM32\CRYPTBASE.dll
0x00007ffd4b670000 - 0x00007ffd4b6a9000 	C:\WINDOWS\SYSTEM32\IPHLPAPI.DLL
0x00007ffd4f3a0000 - 0x00007ffd4f3a8000 	C:\WINDOWS\System32\NSI.dll
0x00007ffd45f80000 - 0x00007ffd45f96000 	C:\WINDOWS\SYSTEM32\dhcpcsvc6.DLL
0x00007ffd45f60000 - 0x00007ffd45f7a000 	C:\WINDOWS\SYSTEM32\dhcpcsvc.DLL

VM Arguments:
jvm_args: -Xmx1536m -Dfile.encoding=x-windows-874 -Duser.country=US -Duser.language=en -Duser.variant 
java_command: org.gradle.launcher.daemon.bootstrap.GradleDaemon 4.1
java_class_path (initial): D:\systems\.gradle\wrapper\dists\gradle-4.1-all\bzyivzo6n839fup2jbap0tjew\gradle-4.1\lib\gradle-launcher-4.1.jar
Launcher Type: SUN_STANDARD

Environment Variables:
JAVA_HOME=C:\Program Files\Java\jdk1.8.0_144
PATH=C:\Python3\;C:\Python3\Scripts;C:\WinAVR-20100110\bin;C:\WinAVR-20100110\utils\bin;C:\ProgramData\Oracle\Java\javapath;C:\WINDOWS\system32;C:\WINDOWS;C:\WINDOWS\System32\Wbem;C:\WINDOWS\System32\WindowsPowerShell\v1.0\;C:\Program Files\MATLAB\R2014a\runtime\win64;C:\Program Files\MATLAB\R2014a\bin;C:\Program Files\MATLAB\R2014a\polyspace\bin;C:\Program Files (x86)\Microsoft SQL Server\100\Tools\Binn\;C:\Program Files\Microsoft SQL Server\100\Tools\Binn\;C:\Program Files\Microsoft SQL Server\100\DTS\Binn\;C:\Program Files\Java\jdk1.8.0_144\bin;C:\Program Files (x86)\VideoLAN\VLC;C:\cygwin64\bin;C:\Program Files\node;C:\Program Files\node\node_modules\npm\bin;C:\Program Files\Git\cmd;C:\Program Files\Docker Toolbox;C:\Program Files\nodejs\;C:\Users\%USERSNAME%\AppData\Roaming\npm;C:\Users\5635512157\AppData\Local\Microsoft\WindowsApps;
USERNAME=5635512157
OS=Windows_NT
PROCESSOR_IDENTIFIER=Intel64 Family 6 Model 42 Stepping 7, GenuineIntel



---------------  S Y S T E M  ---------------

OS: Windows 10.0 , 64 bit Build 16299 (10.0.16299.15)

CPU:total 4 (initial active 4) (4 cores per cpu, 1 threads per core) family 6 model 42 stepping 7, cmov, cx8, fxsr, mmx, sse, sse2, sse3, ssse3, sse4.1, sse4.2, popcnt, avx, clmul, tsc, tscinvbit

Memory: 4k page, physical 8331132k(1786676k free), swap 8331132k(628k free)

vm_info: OpenJDK 64-Bit Server VM (25.152-b01) for windows-amd64 JRE (1.8.0_152-release-915-b01), built by "builder" with MS VC++ 10.0 (VS2010)

time: Thu Feb 15 14:56:44 2018
elapsed time: 102 seconds (0d 0h 1m 42s)

